# JRE version: OpenJDK Runtime Environment Temurin-21.0.7+6 (21.0.7+6) (build 21.0.7+6-LTS)
# Java VM: OpenJDK 64-Bit Server VM Temurin-21.0.7+6 (21.0.7+6-LTS, mixed mode, sharing, tiered, compressed oops, compressed class ptrs, g1 gc, windows-amd64)
GC Precious Log:
 CardTable entry size: 512
 Card Set container configuration: InlinePtr #cards 4 size 8 Array Of Cards #cards 16 size 48 Howl #buckets 8 coarsen threshold 3686 Howl Bitmap #cards 512 size 80 coarsen threshold 460 Card regions per heap region 1 cards per card region 4096
 CPUs: 4 total, 4 available
 Memory: 12055M
 Large Page Support: Disabled
 NUMA Support: Disabled
 Compressed Oops: Enabled (Zero based)
 Heap Region Size: 2M
 Heap Min Capacity: 8M
 Heap Initial Capacity: 190M
 Heap Max Capacity: 3014M
 Pre-touch: Disabled
 Parallel Workers: 4
 Concurrent Workers: 1
 Concurrent Refinement Workers: 4
 Periodic GC: Disabled
Heap:
 garbage-first heap   total 59392K, used 33559K [0x0000000743a00000, 0x0000000800000000)
  region size 2048K, 5 young (10240K), 2 survivors (4096K)
 Metaspace       used 80500K, committed 81280K, reserved 1179648K
  class space    used 10662K, committed 11008K, reserved 1048576K
GC Heap History (20 events):
Event: 10.090 GC heap before
{Heap before GC invocations=14 (full 0):
 garbage-first heap   total 59392K, used 51328K [0x0000000743a00000, 0x0000000800000000)
  region size 2048K, 13 young (26624K), 1 survivors (2048K)
 Metaspace       used 67355K, committed 67968K, reserved 1114112K
  class space    used 9001K, committed 9280K, reserved 1048576K
}
Event: 10.093 GC heap after
{Heap after GC invocations=15 (full 0):
 garbage-first heap   total 59392K, used 27701K [0x0000000743a00000, 0x0000000800000000)
  region size 2048K, 2 young (4096K), 2 survivors (4096K)
 Metaspace       used 67355K, committed 67968K, reserved 1114112K
  class space    used 9001K, committed 9280K, reserved 1048576K
}
Event: 10.747 GC heap before
{Heap before GC invocations=15 (full 0):
 garbage-first heap   total 59392K, used 48181K [0x0000000743a00000, 0x0000000800000000)
  region size 2048K, 12 young (24576K), 2 survivors (4096K)
 Metaspace       used 71401K, committed 72064K, reserved 1114112K
  class space    used 9562K, committed 9856K, reserved 1048576K
}
Event: 10.753 GC heap after
{Heap after GC invocations=16 (full 0):
 garbage-first heap   total 59392K, used 28712K [0x0000000743a00000, 0x0000000800000000)
  region size 2048K, 2 young (4096K), 2 survivors (4096K)
 Metaspace       used 71401K, committed 72064K, reserved 1114112K
  class space    used 9562K, committed 9856K, reserved 1048576K
}
Event: 11.563 GC heap before
{Heap before GC invocations=16 (full 0):
 garbage-first heap   total 59392K, used 49192K [0x0000000743a00000, 0x0000000800000000)
  region size 2048K, 12 young (24576K), 2 survivors (4096K)
 Metaspace       used 74496K, committed 75264K, reserved 1114112K
  class space    used 9985K, committed 10304K, reserved 1048576K
}
Event: 11.569 GC heap after
{Heap after GC invocations=17 (full 0):
 garbage-first heap   total 59392K, used 30407K [0x0000000743a00000, 0x0000000800000000)
  region size 2048K, 2 young (4096K), 2 survivors (4096K)
 Metaspace       used 74496K, committed 75264K, reserved 1114112K
  class space    used 9985K, committed 10304K, reserved 1048576K
}
Event: 115.019 GC heap before
{Heap before GC invocations=17 (full 0):
 garbage-first heap   total 59392K, used 46791K [0x0000000743a00000, 0x0000000800000000)
  region size 2048K, 11 young (22528K), 2 survivors (4096K)
 Metaspace       used 79289K, committed 80064K, reserved 1179648K
  class space    used 10605K, committed 10944K, reserved 1048576K
}
Event: 115.025 GC heap after
{Heap after GC invocations=18 (full 0):
 garbage-first heap   total 59392K, used 31731K [0x0000000743a00000, 0x0000000800000000)
  region size 2048K, 2 young (4096K), 2 survivors (4096K)
 Metaspace       used 79289K, committed 80064K, reserved 1179648K
  class space    used 10605K, committed 10944K, reserved 1048576K
}
Event: 739.542 GC heap before
{Heap before GC invocations=19 (full 0):
 garbage-first heap   total 59392K, used 48115K [0x0000000743a00000, 0x0000000800000000)
  region size 2048K, 10 young (20480K), 2 survivors (4096K)
 Metaspace       used 79399K, committed 80128K, reserved 1179648K
  class space    used 10605K, committed 10944K, reserved 1048576K
}
Event: 739.548 GC heap after
{Heap after GC invocations=20 (full 0):
 garbage-first heap   total 59392K, used 31685K [0x0000000743a00000, 0x0000000800000000)
  region size 2048K, 1 young (2048K), 1 survivors (2048K)
 Metaspace       used 79399K, committed 80128K, reserved 1179648K
  class space    used 10605K, committed 10944K, reserved 1048576K
}
Event: 1188.682 GC heap before
{Heap before GC invocations=20 (full 0):
 garbage-first heap   total 59392K, used 43973K [0x0000000743a00000, 0x0000000800000000)
  region size 2048K, 8 young (16384K), 1 survivors (2048K)
 Metaspace       used 79515K, committed 80256K, reserved 1179648K
  class space    used 10632K, committed 10944K, reserved 1048576K
}
Event: 1188.829 GC heap after
{Heap after GC invocations=21 (full 1):
 garbage-first heap   total 59392K, used 27095K [0x0000000743a00000, 0x0000000800000000)
  region size 2048K, 0 young (0K), 0 survivors (0K)
 Metaspace       used 79511K, committed 80256K, reserved 1179648K
  class space    used 10631K, committed 10944K, reserved 1048576K
}
Event: 1190.786 GC heap before
{Heap before GC invocations=21 (full 1):
 garbage-first heap   total 59392K, used 49623K [0x0000000743a00000, 0x0000000800000000)
  region size 2048K, 12 young (24576K), 0 survivors (0K)
 Metaspace       used 79610K, committed 80448K, reserved 1179648K
  class space    used 10637K, committed 11008K, reserved 1048576K
}
Event: 1190.796 GC heap after
{Heap after GC invocations=22 (full 1):
 garbage-first heap   total 59392K, used 29738K [0x0000000743a00000, 0x0000000800000000)
  region size 2048K, 2 young (4096K), 2 survivors (4096K)
 Metaspace       used 79610K, committed 80448K, reserved 1179648K
  class space    used 10637K, committed 11008K, reserved 1048576K
}
Event: 1192.387 GC heap before
{Heap before GC invocations=23 (full 1):
 garbage-first heap   total 59392K, used 46122K [0x0000000743a00000, 0x0000000800000000)
  region size 2048K, 11 young (22528K), 2 survivors (4096K)
 Metaspace       used 79919K, committed 80704K, reserved 1179648K
  class space    used 10644K, committed 11008K, reserved 1048576K
}
Event: 1192.401 GC heap after
{Heap after GC invocations=24 (full 1):
 garbage-first heap   total 59392K, used 31379K [0x0000000743a00000, 0x0000000800000000)
  region size 2048K, 1 young (2048K), 1 survivors (2048K)
 Metaspace       used 79919K, committed 80704K, reserved 1179648K
  class space    used 10644K, committed 11008K, reserved 1048576K
}
Event: 1210.487 GC heap before
{Heap before GC invocations=24 (full 1):
 garbage-first heap   total 59392K, used 45715K [0x0000000743a00000, 0x0000000800000000)
  region size 2048K, 9 young (18432K), 1 survivors (2048K)
 Metaspace       used 80267K, committed 81024K, reserved 1179648K
  class space    used 10653K, committed 11008K, reserved 1048576K
}
Event: 1210.556 GC heap after
{Heap after GC invocations=25 (full 2):
 garbage-first heap   total 59392K, used 26880K [0x0000000743a00000, 0x0000000800000000)
  region size 2048K, 0 young (0K), 0 survivors (0K)
 Metaspace       used 80261K, committed 81024K, reserved 1179648K
  class space    used 10652K, committed 11008K, reserved 1048576K
}
Event: 1214.379 GC heap before
{Heap before GC invocations=25 (full 2):
 garbage-first heap   total 59392K, used 49408K [0x0000000743a00000, 0x0000000800000000)
  region size 2048K, 12 young (24576K), 0 survivors (0K)
 Metaspace       used 80457K, committed 81280K, reserved 1179648K
  class space    used 10657K, committed 11008K, reserved 1048576K
}
Event: 1214.384 GC heap after
{Heap after GC invocations=26 (full 2):
 garbage-first heap   total 59392K, used 29463K [0x0000000743a00000, 0x0000000800000000)
  region size 2048K, 2 young (4096K), 2 survivors (4096K)
 Metaspace       used 80457K, committed 81280K, reserved 1179648K
  class space    used 10657K, committed 11008K, reserved 1048576K
}

